<?xml version="1.0" encoding="UTF-8"?>
<!-- Generated by org.testng.reporters.JUnitReportReporter -->
<testsuite hostname="HP-PC" name="TestngExamples.Exp_TestNG" tests="2" failures="0" timestamp="23 Jun 2021 05:34:37 GMT" time="0.014" errors="0">
  <testcase name="DelEmp" time="0.012" classname="TestngExamples.Exp_TestNG"/>
  <testcase name="AddEmp" time="0.002" classname="TestngExamples.Exp_TestNG"/>
</testsuite> <!-- TestngExamples.Exp_TestNG -->
