<?xml version="1.0" encoding="UTF-8"?>
<!-- Generated by org.testng.reporters.JUnitReportReporter -->
<testsuite hostname="HP-PC" name="com.hrms.TestScript.TC001" tests="1" failures="0" timestamp="23 Jun 2021 15:49:07 GMT" time="39.367" errors="0">
  <testcase name="tc001" time="39.367" classname="com.hrms.TestScript.TC001"/>
</testsuite> <!-- com.hrms.TestScript.TC001 -->
